2025-02-03T10:29:08.096-05:00  INFO 10519 --- [restartedMain] com.BI.BussinesIntelligenceApplication   : Starting BussinesIntelligenceApplication using Java 21.0.5 with PID 10519 (/home/nar/IdeaProjects/C3-business-intelligence/target/classes started by nar in /home/nar/IdeaProjects/C3-business-intelligence)
2025-02-03T10:29:08.145-05:00  INFO 10519 --- [restartedMain] com.BI.BussinesIntelligenceApplication   : The following 1 profile is active: "dev"
2025-02-03T10:29:14.331-05:00  INFO 10519 --- [restartedMain] o.apache.catalina.core.StandardService   : Starting service [Tomcat]
2025-02-03T10:29:14.333-05:00  INFO 10519 --- [restartedMain] o.apache.catalina.core.StandardEngine    : Starting Servlet engine: [Apache Tomcat/10.1.34]
2025-02-03T10:29:14.460-05:00  INFO 10519 --- [restartedMain] o.a.c.c.C.[Tomcat].[localhost].[/]       : Initializing Spring embedded WebApplicationContext
2025-02-03T10:29:18.030-05:00  INFO 10519 --- [restartedMain] com.BI.BussinesIntelligenceApplication   : Started BussinesIntelligenceApplication in 11.583 seconds (process running for 13.295)
2025-02-03T10:30:10.230-05:00  INFO 10519 --- [http-nio-8081-exec-1] o.a.c.c.C.[Tomcat].[localhost].[/]       : Initializing Spring DispatcherServlet 'dispatcherServlet'
2025-02-03T10:30:11.472-05:00  INFO 10519 --- [http-nio-8081-exec-6] o.springdoc.api.AbstractOpenApiResource  : Init duration for springdoc-openapi is: 564 ms
2025-02-03T10:30:30.340-05:00  WARN 10519 --- [reactor-http-epoll-2] r.netty.http.client.HttpClientConnect    : [ba1c6a78-1, L:/192.168.1.159:43730 - R:parfinancieraspringboot-2.onrender.com/216.24.57.4:443] The connection observed an error

io.netty.handler.timeout.ReadTimeoutException: null

2025-02-03T10:30:30.376-05:00 ERROR 10519 --- [http-nio-8081-exec-10] o.a.c.c.C.[.[.[/].[dispatcherServlet]    : Servlet.service() for servlet [dispatcherServlet] threw exception

io.netty.handler.timeout.ReadTimeoutException: null

2025-02-03T10:30:30.377-05:00 ERROR 10519 --- [http-nio-8081-exec-10] o.a.c.c.C.[.[.[/].[dispatcherServlet]    : Servlet.service() for servlet [dispatcherServlet] in context with path [] threw exception [Request processing failed: org.springframework.web.reactive.function.client.WebClientRequestException] with root cause

io.netty.handler.timeout.ReadTimeoutException: null

2025-02-03T10:30:53.025-05:00  WARN 10519 --- [reactor-http-epoll-3] r.netty.http.client.HttpClientConnect    : [45b607e8-1, L:/192.168.1.159:52366 - R:parfinancieraspringboot-2.onrender.com/216.24.57.4:443] The connection observed an error

io.netty.handler.timeout.ReadTimeoutException: null

2025-02-03T10:30:53.036-05:00 ERROR 10519 --- [http-nio-8081-exec-3] o.a.c.c.C.[.[.[/].[dispatcherServlet]    : Servlet.service() for servlet [dispatcherServlet] threw exception

io.netty.handler.timeout.ReadTimeoutException: null

2025-02-03T10:30:53.037-05:00 ERROR 10519 --- [http-nio-8081-exec-3] o.a.c.c.C.[.[.[/].[dispatcherServlet]    : Servlet.service() for servlet [dispatcherServlet] in context with path [] threw exception [Request processing failed: org.springframework.web.reactive.function.client.WebClientRequestException] with root cause

io.netty.handler.timeout.ReadTimeoutException: null

2025-02-03T10:34:16.237-05:00  INFO 10519 --- [restartedMain] com.BI.BussinesIntelligenceApplication   : Starting BussinesIntelligenceApplication using Java 21.0.5 with PID 10519 (/home/nar/IdeaProjects/C3-business-intelligence/target/classes started by nar in /home/nar/IdeaProjects/C3-business-intelligence)
2025-02-03T10:34:16.239-05:00  INFO 10519 --- [restartedMain] com.BI.BussinesIntelligenceApplication   : The following 1 profile is active: "dev"
2025-02-03T10:34:16.961-05:00  INFO 10519 --- [restartedMain] o.apache.catalina.core.StandardService   : Starting service [Tomcat]
2025-02-03T10:34:16.962-05:00  INFO 10519 --- [restartedMain] o.apache.catalina.core.StandardEngine    : Starting Servlet engine: [Apache Tomcat/10.1.34]
2025-02-03T10:34:17.025-05:00  INFO 10519 --- [restartedMain] o.a.c.c.C.[Tomcat].[localhost].[/]       : Initializing Spring embedded WebApplicationContext
2025-02-03T10:34:17.095-05:00  INFO 10519 --- [restartedMain] o.apache.catalina.core.StandardService   : Stopping service [Tomcat]
2025-02-03T10:34:17.156-05:00 ERROR 10519 --- [restartedMain] o.s.b.d.LoggingFailureAnalysisReporter   : 

***************************
APPLICATION FAILED TO START
***************************

Description:

Parameter 0 of constructor in com.BI.controller.IncomeController required a bean of type 'com.BI.service.IncomeService' that could not be found.


Action:

Consider defining a bean of type 'com.BI.service.IncomeService' in your configuration.

2025-02-03T10:38:00.505-05:00  INFO 10519 --- [restartedMain] com.BI.BussinesIntelligenceApplication   : Starting BussinesIntelligenceApplication using Java 21.0.5 with PID 10519 (/home/nar/IdeaProjects/C3-business-intelligence/target/classes started by nar in /home/nar/IdeaProjects/C3-business-intelligence)
2025-02-03T10:38:00.508-05:00  INFO 10519 --- [restartedMain] com.BI.BussinesIntelligenceApplication   : The following 1 profile is active: "dev"
2025-02-03T10:38:02.249-05:00  INFO 10519 --- [restartedMain] o.apache.catalina.core.StandardService   : Starting service [Tomcat]
2025-02-03T10:38:02.250-05:00  INFO 10519 --- [restartedMain] o.apache.catalina.core.StandardEngine    : Starting Servlet engine: [Apache Tomcat/10.1.34]
2025-02-03T10:38:02.279-05:00  INFO 10519 --- [restartedMain] o.a.c.c.C.[Tomcat-1].[localhost].[/]     : Initializing Spring embedded WebApplicationContext
2025-02-03T10:38:02.573-05:00  INFO 10519 --- [restartedMain] com.BI.BussinesIntelligenceApplication   : Started BussinesIntelligenceApplication in 2.756 seconds (process running for 537.838)
2025-02-03T10:38:05.597-05:00  INFO 10519 --- [http-nio-8081-exec-1] o.a.c.c.C.[Tomcat-1].[localhost].[/]     : Initializing Spring DispatcherServlet 'dispatcherServlet'
2025-02-03T10:38:11.289-05:00  WARN 10519 --- [reactor-http-epoll-2] r.netty.http.client.HttpClientConnect    : [cb7fe20b-1, L:/192.168.1.159:59774 - R:parfinancieraspringboot-2.onrender.com/216.24.57.252:443] The connection observed an error

io.netty.handler.timeout.ReadTimeoutException: null

2025-02-03T10:39:01.126-05:00  INFO 10519 --- [restartedMain] com.BI.BussinesIntelligenceApplication   : Starting BussinesIntelligenceApplication using Java 21.0.5 with PID 10519 (/home/nar/IdeaProjects/C3-business-intelligence/target/classes started by nar in /home/nar/IdeaProjects/C3-business-intelligence)
2025-02-03T10:39:01.128-05:00  INFO 10519 --- [restartedMain] com.BI.BussinesIntelligenceApplication   : The following 1 profile is active: "dev"
2025-02-03T10:39:01.725-05:00  INFO 10519 --- [restartedMain] o.apache.catalina.core.StandardService   : Starting service [Tomcat]
2025-02-03T10:39:01.725-05:00  INFO 10519 --- [restartedMain] o.apache.catalina.core.StandardEngine    : Starting Servlet engine: [Apache Tomcat/10.1.34]
2025-02-03T10:39:01.738-05:00  INFO 10519 --- [restartedMain] o.a.c.c.C.[Tomcat-1].[localhost].[/]     : Initializing Spring embedded WebApplicationContext
2025-02-03T10:39:01.770-05:00  INFO 10519 --- [restartedMain] o.apache.catalina.core.StandardService   : Stopping service [Tomcat]
2025-02-03T10:39:01.791-05:00 ERROR 10519 --- [restartedMain] o.s.b.d.LoggingFailureAnalysisReporter   : 

***************************
APPLICATION FAILED TO START
***************************

Description:

Parameter 0 of constructor in com.BI.controller.IncomeController required a bean of type 'com.BI.service.IncomeService' that could not be found.


Action:

Consider defining a bean of type 'com.BI.service.IncomeService' in your configuration.

2025-02-03T10:39:03.297-05:00  INFO 10519 --- [restartedMain] com.BI.BussinesIntelligenceApplication   : Starting BussinesIntelligenceApplication using Java 21.0.5 with PID 10519 (/home/nar/IdeaProjects/C3-business-intelligence/target/classes started by nar in /home/nar/IdeaProjects/C3-business-intelligence)
2025-02-03T10:39:03.299-05:00  INFO 10519 --- [restartedMain] com.BI.BussinesIntelligenceApplication   : The following 1 profile is active: "dev"
2025-02-03T10:39:03.812-05:00  INFO 10519 --- [restartedMain] o.apache.catalina.core.StandardService   : Starting service [Tomcat]
2025-02-03T10:39:03.812-05:00  INFO 10519 --- [restartedMain] o.apache.catalina.core.StandardEngine    : Starting Servlet engine: [Apache Tomcat/10.1.34]
2025-02-03T10:39:03.827-05:00  INFO 10519 --- [restartedMain] o.a.c.c.C.[Tomcat-2].[localhost].[/]     : Initializing Spring embedded WebApplicationContext
2025-02-03T10:39:04.070-05:00  INFO 10519 --- [restartedMain] com.BI.BussinesIntelligenceApplication   : Started BussinesIntelligenceApplication in 0.866 seconds (process running for 599.335)
2025-02-03T10:39:10.214-05:00  INFO 10519 --- [http-nio-8081-exec-1] o.a.c.c.C.[Tomcat-2].[localhost].[/]     : Initializing Spring DispatcherServlet 'dispatcherServlet'
2025-02-03T10:39:10.858-05:00  INFO 10519 --- [http-nio-8081-exec-5] o.springdoc.api.AbstractOpenApiResource  : Init duration for springdoc-openapi is: 206 ms
